<?xml version="1.0" encoding="UTF-8"?>
<!-- Generated by org.testng.reporters.JUnitReportReporter -->
<testsuite name="testing.Test1" tests="4" time="5.028" ignored="0" failures="0" timestamp="13 Dec 2016 12:55:59 GMT" skipped="0" hostname="Hitesh-Mac-Mini.local" errors="0">
  <testcase name="test4" time="0.002" classname="testing.Test1"/>
  <testcase name="test3" time="0.003" classname="testing.Test1"/>
  <testcase name="test1" time="5.019" classname="testing.Test1"/>
  <testcase name="test2" time="0.004" classname="testing.Test1"/>
</testsuite> <!-- testing.Test1 -->
